{"txn_id": 1, "op_type": "BEGIN", "timestamp": "2026-03-26T09:28:56.478237", "key": null, "value": null, "old_value": null, "status": "COMMITTED"}
{"txn_id": 1, "op_type": "INSERT", "timestamp": "2026-03-26T09:28:56.478237", "key": "10", "value": "{'id': 10}", "old_value": null, "status": "COMMITTED"}
{"txn_id": 1, "op_type": "INSERT", "timestamp": "2026-03-26T09:28:56.478237", "key": "20", "value": "{'id': 20}", "old_value": null, "status": "COMMITTED"}
{"txn_id": 1, "op_type": "COMMIT", "timestamp": "2026-03-26T09:28:56.478237", "key": null, "value": null, "old_value": null, "status": "COMMITTED"}
{"txn_id": 1, "op_type": "BEGIN", "timestamp": "2026-03-26T09:28:56.497007", "key": null, "value": null, "old_value": null, "status": "COMMITTED"}
{"txn_id": 1, "op_type": "INSERT", "timestamp": "2026-03-26T09:28:56.497007", "key": "10", "value": "{'id': 10}", "old_value": null, "status": "COMMITTED"}
{"txn_id": 1, "op_type": "COMMIT", "timestamp": "2026-03-26T09:28:56.497007", "key": null, "value": null, "old_value": null, "status": "COMMITTED"}
{"txn_id": 2, "op_type": "BEGIN", "timestamp": "2026-03-26T09:28:56.498571", "key": null, "value": null, "old_value": null, "status": "ABORTED"}
{"txn_id": 2, "op_type": "INSERT", "timestamp": "2026-03-26T09:28:56.498571", "key": "20", "value": "{'id': 20}", "old_value": null, "status": "ABORTED"}
{"txn_id": 2, "op_type": "ABORT", "timestamp": "2026-03-26T09:28:56.498571", "key": null, "value": null, "old_value": null, "status": "COMMITTED"}
{"txn_id": 1, "op_type": "BEGIN", "timestamp": "2026-03-26T09:28:56.514179", "key": null, "value": null, "old_value": null, "status": "COMMITTED"}
{"txn_id": 1, "op_type": "INSERT", "timestamp": "2026-03-26T09:28:56.514179", "key": "10", "value": "{'id': 10}", "old_value": null, "status": "COMMITTED"}
{"txn_id": 1, "op_type": "COMMIT", "timestamp": "2026-03-26T09:28:56.514179", "key": null, "value": null, "old_value": null, "status": "COMMITTED"}
{"txn_id": 2, "op_type": "BEGIN", "timestamp": "2026-03-26T09:28:56.514769", "key": null, "value": null, "old_value": null, "status": "COMMITTED"}
{"txn_id": 2, "op_type": "INSERT", "timestamp": "2026-03-26T09:28:56.514769", "key": "20", "value": "{'id': 20}", "old_value": null, "status": "COMMITTED"}
{"txn_id": 2, "op_type": "COMMIT", "timestamp": "2026-03-26T09:28:56.514769", "key": null, "value": null, "old_value": null, "status": "COMMITTED"}
{"txn_id": 3, "op_type": "BEGIN", "timestamp": "2026-03-26T09:28:56.515776", "key": null, "value": null, "old_value": null, "status": "ABORTED"}
{"txn_id": 3, "op_type": "DELETE", "timestamp": "2026-03-26T09:28:56.515776", "key": "10", "value": null, "old_value": "{'id': 10}", "status": "ABORTED"}
{"txn_id": 3, "op_type": "ABORT", "timestamp": "2026-03-26T09:28:56.515776", "key": null, "value": null, "old_value": null, "status": "COMMITTED"}
{"txn_id": 1, "op_type": "BEGIN", "timestamp": "2026-03-26T09:28:56.533274", "key": null, "value": null, "old_value": null, "status": "COMMITTED"}
{"txn_id": 1, "op_type": "INSERT", "timestamp": "2026-03-26T09:28:56.533274", "key": "10", "value": "{'id': 10, 'value': 100}", "old_value": null, "status": "COMMITTED"}
{"txn_id": 1, "op_type": "COMMIT", "timestamp": "2026-03-26T09:28:56.533274", "key": null, "value": null, "old_value": null, "status": "COMMITTED"}
{"txn_id": 2, "op_type": "BEGIN", "timestamp": "2026-03-26T09:28:56.533274", "key": null, "value": null, "old_value": null, "status": "ABORTED"}
{"txn_id": 2, "op_type": "UPDATE", "timestamp": "2026-03-26T09:28:56.533274", "key": "10", "value": "{'id': 10, 'value': 200}", "old_value": "{'id': 10, 'value': 100}", "status": "ABORTED"}
{"txn_id": 2, "op_type": "ABORT", "timestamp": "2026-03-26T09:28:56.533274", "key": null, "value": null, "old_value": null, "status": "COMMITTED"}
{"txn_id": 1, "op_type": "BEGIN", "timestamp": "2026-03-26T09:28:56.545342", "key": null, "value": null, "old_value": null, "status": "COMMITTED"}
{"txn_id": 1, "op_type": "INSERT", "timestamp": "2026-03-26T09:28:56.546340", "key": "10", "value": "{'id': 10}", "old_value": null, "status": "COMMITTED"}
{"txn_id": 1, "op_type": "INSERT", "timestamp": "2026-03-26T09:28:56.546340", "key": "20", "value": "{'id': 20}", "old_value": null, "status": "COMMITTED"}
{"txn_id": 1, "op_type": "INSERT", "timestamp": "2026-03-26T09:28:56.546340", "key": "30", "value": "{'id': 30}", "old_value": null, "status": "COMMITTED"}
{"txn_id": 1, "op_type": "COMMIT", "timestamp": "2026-03-26T09:28:56.546340", "key": null, "value": null, "old_value": null, "status": "COMMITTED"}
{"txn_id": 1, "op_type": "BEGIN", "timestamp": "2026-03-26T09:28:56.561928", "key": null, "value": null, "old_value": null, "status": "COMMITTED"}
{"txn_id": 1, "op_type": "INSERT", "timestamp": "2026-03-26T09:28:56.561928", "key": "1", "value": "{'id': 1}", "old_value": null, "status": "COMMITTED"}
{"txn_id": 1, "op_type": "COMMIT", "timestamp": "2026-03-26T09:28:56.561928", "key": null, "value": null, "old_value": null, "status": "COMMITTED"}
{"txn_id": 2, "op_type": "BEGIN", "timestamp": "2026-03-26T09:28:56.562928", "key": null, "value": null, "old_value": null, "status": "ABORTED"}
{"txn_id": 2, "op_type": "INSERT", "timestamp": "2026-03-26T09:28:56.562928", "key": "10", "value": "{'id': 10}", "old_value": null, "status": "ABORTED"}
{"txn_id": 2, "op_type": "UPDATE", "timestamp": "2026-03-26T09:28:56.562928", "key": "1", "value": "{'id': 1, 'updated': True}", "old_value": "{'id': 1}", "status": "ABORTED"}
{"txn_id": 2, "op_type": "INSERT", "timestamp": "2026-03-26T09:28:56.562928", "key": "20", "value": "{'id': 20}", "old_value": null, "status": "ABORTED"}
{"txn_id": 2, "op_type": "ABORT", "timestamp": "2026-03-26T09:28:56.562928", "key": null, "value": null, "old_value": null, "status": "COMMITTED"}
{"txn_id": 1, "op_type": "BEGIN", "timestamp": "2026-03-26T09:28:56.579898", "key": null, "value": null, "old_value": null, "status": "COMMITTED"}
{"txn_id": 1, "op_type": "INSERT", "timestamp": "2026-03-26T09:28:56.579898", "key": "1", "value": "{'id': 1}", "old_value": null, "status": "COMMITTED"}
{"txn_id": 1, "op_type": "COMMIT", "timestamp": "2026-03-26T09:28:56.580894", "key": null, "value": null, "old_value": null, "status": "COMMITTED"}
{"txn_id": 2, "op_type": "BEGIN", "timestamp": "2026-03-26T09:28:56.580894", "key": null, "value": null, "old_value": null, "status": "COMMITTED"}
{"txn_id": 2, "op_type": "INSERT", "timestamp": "2026-03-26T09:28:56.580894", "key": "2", "value": "{'id': 2}", "old_value": null, "status": "COMMITTED"}
{"txn_id": 2, "op_type": "COMMIT", "timestamp": "2026-03-26T09:28:56.580894", "key": null, "value": null, "old_value": null, "status": "COMMITTED"}
{"txn_id": 3, "op_type": "BEGIN", "timestamp": "2026-03-26T09:28:56.581889", "key": null, "value": null, "old_value": null, "status": "COMMITTED"}
{"txn_id": 3, "op_type": "INSERT", "timestamp": "2026-03-26T09:28:56.581889", "key": "3", "value": "{'id': 3}", "old_value": null, "status": "COMMITTED"}
{"txn_id": 3, "op_type": "COMMIT", "timestamp": "2026-03-26T09:28:56.581889", "key": null, "value": null, "old_value": null, "status": "COMMITTED"}
{"txn_id": 4, "op_type": "BEGIN", "timestamp": "2026-03-26T09:28:56.581889", "key": null, "value": null, "old_value": null, "status": "COMMITTED"}
{"txn_id": 4, "op_type": "INSERT", "timestamp": "2026-03-26T09:28:56.581889", "key": "4", "value": "{'id': 4}", "old_value": null, "status": "COMMITTED"}
{"txn_id": 4, "op_type": "COMMIT", "timestamp": "2026-03-26T09:28:56.581889", "key": null, "value": null, "old_value": null, "status": "COMMITTED"}
{"txn_id": 5, "op_type": "BEGIN", "timestamp": "2026-03-26T09:28:56.581889", "key": null, "value": null, "old_value": null, "status": "COMMITTED"}
{"txn_id": 5, "op_type": "INSERT", "timestamp": "2026-03-26T09:28:56.581889", "key": "5", "value": "{'id': 5}", "old_value": null, "status": "COMMITTED"}
{"txn_id": 5, "op_type": "COMMIT", "timestamp": "2026-03-26T09:28:56.581889", "key": null, "value": null, "old_value": null, "status": "COMMITTED"}
{"txn_id": 6, "op_type": "BEGIN", "timestamp": "2026-03-26T09:28:56.582890", "key": null, "value": null, "old_value": null, "status": "COMMITTED"}
{"txn_id": 6, "op_type": "INSERT", "timestamp": "2026-03-26T09:28:56.582890", "key": "6", "value": "{'id': 6}", "old_value": null, "status": "COMMITTED"}
{"txn_id": 6, "op_type": "COMMIT", "timestamp": "2026-03-26T09:28:56.582890", "key": null, "value": null, "old_value": null, "status": "COMMITTED"}
{"txn_id": 7, "op_type": "BEGIN", "timestamp": "2026-03-26T09:28:56.582890", "key": null, "value": null, "old_value": null, "status": "COMMITTED"}
{"txn_id": 7, "op_type": "INSERT", "timestamp": "2026-03-26T09:28:56.582890", "key": "7", "value": "{'id': 7}", "old_value": null, "status": "COMMITTED"}
{"txn_id": 7, "op_type": "COMMIT", "timestamp": "2026-03-26T09:28:56.582890", "key": null, "value": null, "old_value": null, "status": "COMMITTED"}
{"txn_id": 8, "op_type": "BEGIN", "timestamp": "2026-03-26T09:28:56.583889", "key": null, "value": null, "old_value": null, "status": "COMMITTED"}
{"txn_id": 8, "op_type": "INSERT", "timestamp": "2026-03-26T09:28:56.583889", "key": "8", "value": "{'id': 8}", "old_value": null, "status": "COMMITTED"}
{"txn_id": 8, "op_type": "COMMIT", "timestamp": "2026-03-26T09:28:56.583889", "key": null, "value": null, "old_value": null, "status": "COMMITTED"}
{"txn_id": 9, "op_type": "BEGIN", "timestamp": "2026-03-26T09:28:56.583889", "key": null, "value": null, "old_value": null, "status": "COMMITTED"}
{"txn_id": 9, "op_type": "INSERT", "timestamp": "2026-03-26T09:28:56.583889", "key": "9", "value": "{'id': 9}", "old_value": null, "status": "COMMITTED"}
{"txn_id": 9, "op_type": "COMMIT", "timestamp": "2026-03-26T09:28:56.583889", "key": null, "value": null, "old_value": null, "status": "COMMITTED"}
{"txn_id": 10, "op_type": "BEGIN", "timestamp": "2026-03-26T09:28:56.584405", "key": null, "value": null, "old_value": null, "status": "COMMITTED"}
{"txn_id": 10, "op_type": "INSERT", "timestamp": "2026-03-26T09:28:56.584405", "key": "10", "value": "{'id': 10}", "old_value": null, "status": "COMMITTED"}
{"txn_id": 10, "op_type": "COMMIT", "timestamp": "2026-03-26T09:28:56.584405", "key": null, "value": null, "old_value": null, "status": "COMMITTED"}
{"txn_id": 11, "op_type": "BEGIN", "timestamp": "2026-03-26T09:28:56.584405", "key": null, "value": null, "old_value": null, "status": "COMMITTED"}
{"txn_id": 11, "op_type": "INSERT", "timestamp": "2026-03-26T09:28:56.584405", "key": "11", "value": "{'id': 11}", "old_value": null, "status": "COMMITTED"}
{"txn_id": 11, "op_type": "COMMIT", "timestamp": "2026-03-26T09:28:56.584405", "key": null, "value": null, "old_value": null, "status": "COMMITTED"}
{"txn_id": 12, "op_type": "BEGIN", "timestamp": "2026-03-26T09:28:56.584405", "key": null, "value": null, "old_value": null, "status": "COMMITTED"}
{"txn_id": 12, "op_type": "INSERT", "timestamp": "2026-03-26T09:28:56.584405", "key": "12", "value": "{'id': 12}", "old_value": null, "status": "COMMITTED"}
{"txn_id": 12, "op_type": "COMMIT", "timestamp": "2026-03-26T09:28:56.584405", "key": null, "value": null, "old_value": null, "status": "COMMITTED"}
{"txn_id": 13, "op_type": "BEGIN", "timestamp": "2026-03-26T09:28:56.584405", "key": null, "value": null, "old_value": null, "status": "COMMITTED"}
{"txn_id": 13, "op_type": "INSERT", "timestamp": "2026-03-26T09:28:56.584405", "key": "13", "value": "{'id': 13}", "old_value": null, "status": "COMMITTED"}
{"txn_id": 13, "op_type": "COMMIT", "timestamp": "2026-03-26T09:28:56.584405", "key": null, "value": null, "old_value": null, "status": "COMMITTED"}
{"txn_id": 14, "op_type": "BEGIN", "timestamp": "2026-03-26T09:28:56.584405", "key": null, "value": null, "old_value": null, "status": "COMMITTED"}
{"txn_id": 14, "op_type": "INSERT", "timestamp": "2026-03-26T09:28:56.584405", "key": "14", "value": "{'id': 14}", "old_value": null, "status": "COMMITTED"}
{"txn_id": 14, "op_type": "COMMIT", "timestamp": "2026-03-26T09:28:56.584405", "key": null, "value": null, "old_value": null, "status": "COMMITTED"}
{"txn_id": 15, "op_type": "BEGIN", "timestamp": "2026-03-26T09:28:56.585321", "key": null, "value": null, "old_value": null, "status": "COMMITTED"}
{"txn_id": 15, "op_type": "INSERT", "timestamp": "2026-03-26T09:28:56.585321", "key": "15", "value": "{'id': 15}", "old_value": null, "status": "COMMITTED"}
{"txn_id": 15, "op_type": "COMMIT", "timestamp": "2026-03-26T09:28:56.585321", "key": null, "value": null, "old_value": null, "status": "COMMITTED"}
{"txn_id": 16, "op_type": "BEGIN", "timestamp": "2026-03-26T09:28:56.585321", "key": null, "value": null, "old_value": null, "status": "COMMITTED"}
{"txn_id": 16, "op_type": "INSERT", "timestamp": "2026-03-26T09:28:56.585321", "key": "16", "value": "{'id': 16}", "old_value": null, "status": "COMMITTED"}
{"txn_id": 16, "op_type": "COMMIT", "timestamp": "2026-03-26T09:28:56.585321", "key": null, "value": null, "old_value": null, "status": "COMMITTED"}
{"txn_id": 17, "op_type": "BEGIN", "timestamp": "2026-03-26T09:28:56.585321", "key": null, "value": null, "old_value": null, "status": "COMMITTED"}
{"txn_id": 17, "op_type": "INSERT", "timestamp": "2026-03-26T09:28:56.585321", "key": "17", "value": "{'id': 17}", "old_value": null, "status": "COMMITTED"}
{"txn_id": 17, "op_type": "COMMIT", "timestamp": "2026-03-26T09:28:56.585321", "key": null, "value": null, "old_value": null, "status": "COMMITTED"}
{"txn_id": 18, "op_type": "BEGIN", "timestamp": "2026-03-26T09:28:56.585321", "key": null, "value": null, "old_value": null, "status": "COMMITTED"}
{"txn_id": 18, "op_type": "INSERT", "timestamp": "2026-03-26T09:28:56.585321", "key": "18", "value": "{'id': 18}", "old_value": null, "status": "COMMITTED"}
{"txn_id": 18, "op_type": "COMMIT", "timestamp": "2026-03-26T09:28:56.585321", "key": null, "value": null, "old_value": null, "status": "COMMITTED"}
{"txn_id": 19, "op_type": "BEGIN", "timestamp": "2026-03-26T09:28:56.585321", "key": null, "value": null, "old_value": null, "status": "COMMITTED"}
{"txn_id": 19, "op_type": "INSERT", "timestamp": "2026-03-26T09:28:56.585321", "key": "19", "value": "{'id': 19}", "old_value": null, "status": "COMMITTED"}
{"txn_id": 19, "op_type": "COMMIT", "timestamp": "2026-03-26T09:28:56.585321", "key": null, "value": null, "old_value": null, "status": "COMMITTED"}
{"txn_id": 20, "op_type": "BEGIN", "timestamp": "2026-03-26T09:28:56.586325", "key": null, "value": null, "old_value": null, "status": "COMMITTED"}
{"txn_id": 20, "op_type": "INSERT", "timestamp": "2026-03-26T09:28:56.586325", "key": "20", "value": "{'id': 20}", "old_value": null, "status": "COMMITTED"}
{"txn_id": 20, "op_type": "COMMIT", "timestamp": "2026-03-26T09:28:56.586325", "key": null, "value": null, "old_value": null, "status": "COMMITTED"}
{"txn_id": 1, "op_type": "BEGIN", "timestamp": "2026-03-26T09:28:56.606903", "key": null, "value": null, "old_value": null, "status": "COMMITTED"}
{"txn_id": 1, "op_type": "INSERT", "timestamp": "2026-03-26T09:28:56.606903", "key": "1", "value": "{'id': 1, 'value': 10}", "old_value": null, "status": "COMMITTED"}
{"txn_id": 1, "op_type": "COMMIT", "timestamp": "2026-03-26T09:28:56.606903", "key": null, "value": null, "old_value": null, "status": "COMMITTED"}
{"txn_id": 2, "op_type": "BEGIN", "timestamp": "2026-03-26T09:28:56.607902", "key": null, "value": null, "old_value": null, "status": "COMMITTED"}
{"txn_id": 2, "op_type": "INSERT", "timestamp": "2026-03-26T09:28:56.607902", "key": "2", "value": "{'id': 2, 'value': 20}", "old_value": null, "status": "COMMITTED"}
{"txn_id": 2, "op_type": "COMMIT", "timestamp": "2026-03-26T09:28:56.607902", "key": null, "value": null, "old_value": null, "status": "COMMITTED"}
{"txn_id": 3, "op_type": "BEGIN", "timestamp": "2026-03-26T09:28:56.608419", "key": null, "value": null, "old_value": null, "status": "COMMITTED"}
{"txn_id": 3, "op_type": "INSERT", "timestamp": "2026-03-26T09:28:56.608419", "key": "3", "value": "{'id': 3, 'value': 30}", "old_value": null, "status": "COMMITTED"}
{"txn_id": 3, "op_type": "COMMIT", "timestamp": "2026-03-26T09:28:56.608419", "key": null, "value": null, "old_value": null, "status": "COMMITTED"}
{"txn_id": 4, "op_type": "BEGIN", "timestamp": "2026-03-26T09:28:56.608419", "key": null, "value": null, "old_value": null, "status": "COMMITTED"}
{"txn_id": 4, "op_type": "INSERT", "timestamp": "2026-03-26T09:28:56.608419", "key": "4", "value": "{'id': 4, 'value': 40}", "old_value": null, "status": "COMMITTED"}
{"txn_id": 4, "op_type": "COMMIT", "timestamp": "2026-03-26T09:28:56.608419", "key": null, "value": null, "old_value": null, "status": "COMMITTED"}
{"txn_id": 5, "op_type": "BEGIN", "timestamp": "2026-03-26T09:28:56.608419", "key": null, "value": null, "old_value": null, "status": "COMMITTED"}
{"txn_id": 5, "op_type": "INSERT", "timestamp": "2026-03-26T09:28:56.608419", "key": "5", "value": "{'id': 5, 'value': 50}", "old_value": null, "status": "COMMITTED"}
{"txn_id": 5, "op_type": "COMMIT", "timestamp": "2026-03-26T09:28:56.608419", "key": null, "value": null, "old_value": null, "status": "COMMITTED"}
{"txn_id": 6, "op_type": "BEGIN", "timestamp": "2026-03-26T09:28:56.609425", "key": null, "value": null, "old_value": null, "status": "COMMITTED"}
{"txn_id": 6, "op_type": "INSERT", "timestamp": "2026-03-26T09:28:56.609425", "key": "6", "value": "{'id': 6, 'value': 60}", "old_value": null, "status": "COMMITTED"}
{"txn_id": 6, "op_type": "COMMIT", "timestamp": "2026-03-26T09:28:56.609425", "key": null, "value": null, "old_value": null, "status": "COMMITTED"}
{"txn_id": 7, "op_type": "BEGIN", "timestamp": "2026-03-26T09:28:56.609425", "key": null, "value": null, "old_value": null, "status": "COMMITTED"}
{"txn_id": 7, "op_type": "INSERT", "timestamp": "2026-03-26T09:28:56.609425", "key": "7", "value": "{'id': 7, 'value': 70}", "old_value": null, "status": "COMMITTED"}
{"txn_id": 7, "op_type": "COMMIT", "timestamp": "2026-03-26T09:28:56.609425", "key": null, "value": null, "old_value": null, "status": "COMMITTED"}
{"txn_id": 8, "op_type": "BEGIN", "timestamp": "2026-03-26T09:28:56.609425", "key": null, "value": null, "old_value": null, "status": "COMMITTED"}
{"txn_id": 8, "op_type": "INSERT", "timestamp": "2026-03-26T09:28:56.609425", "key": "8", "value": "{'id': 8, 'value': 80}", "old_value": null, "status": "COMMITTED"}
{"txn_id": 8, "op_type": "COMMIT", "timestamp": "2026-03-26T09:28:56.609425", "key": null, "value": null, "old_value": null, "status": "COMMITTED"}
{"txn_id": 9, "op_type": "BEGIN", "timestamp": "2026-03-26T09:28:56.609425", "key": null, "value": null, "old_value": null, "status": "COMMITTED"}
{"txn_id": 9, "op_type": "INSERT", "timestamp": "2026-03-26T09:28:56.609425", "key": "9", "value": "{'id': 9, 'value': 90}", "old_value": null, "status": "COMMITTED"}
{"txn_id": 9, "op_type": "COMMIT", "timestamp": "2026-03-26T09:28:56.609425", "key": null, "value": null, "old_value": null, "status": "COMMITTED"}
{"txn_id": 10, "op_type": "BEGIN", "timestamp": "2026-03-26T09:28:56.609425", "key": null, "value": null, "old_value": null, "status": "COMMITTED"}
{"txn_id": 10, "op_type": "INSERT", "timestamp": "2026-03-26T09:28:56.609425", "key": "10", "value": "{'id': 10, 'value': 100}", "old_value": null, "status": "COMMITTED"}
{"txn_id": 10, "op_type": "COMMIT", "timestamp": "2026-03-26T09:28:56.609425", "key": null, "value": null, "old_value": null, "status": "COMMITTED"}
{"txn_id": 1, "op_type": "BEGIN", "timestamp": "2026-03-26T09:28:56.630990", "key": null, "value": null, "old_value": null, "status": "COMMITTED"}
{"txn_id": 1, "op_type": "INSERT", "timestamp": "2026-03-26T09:28:56.630990", "key": "1", "value": "{'id': 1}", "old_value": null, "status": "COMMITTED"}
{"txn_id": 1, "op_type": "COMMIT", "timestamp": "2026-03-26T09:28:56.630990", "key": null, "value": null, "old_value": null, "status": "COMMITTED"}
{"txn_id": 2, "op_type": "BEGIN", "timestamp": "2026-03-26T09:28:56.630990", "key": null, "value": null, "old_value": null, "status": "COMMITTED"}
{"txn_id": 2, "op_type": "INSERT", "timestamp": "2026-03-26T09:28:56.630990", "key": "2", "value": "{'id': 2}", "old_value": null, "status": "COMMITTED"}
{"txn_id": 2, "op_type": "COMMIT", "timestamp": "2026-03-26T09:28:56.630990", "key": null, "value": null, "old_value": null, "status": "COMMITTED"}
{"txn_id": 3, "op_type": "BEGIN", "timestamp": "2026-03-26T09:28:56.631990", "key": null, "value": null, "old_value": null, "status": "COMMITTED"}
{"txn_id": 3, "op_type": "INSERT", "timestamp": "2026-03-26T09:28:56.631990", "key": "3", "value": "{'id': 3}", "old_value": null, "status": "COMMITTED"}
{"txn_id": 3, "op_type": "COMMIT", "timestamp": "2026-03-26T09:28:56.631990", "key": null, "value": null, "old_value": null, "status": "COMMITTED"}
{"txn_id": 4, "op_type": "BEGIN", "timestamp": "2026-03-26T09:28:56.631990", "key": null, "value": null, "old_value": null, "status": "COMMITTED"}
{"txn_id": 4, "op_type": "INSERT", "timestamp": "2026-03-26T09:28:56.631990", "key": "4", "value": "{'id': 4}", "old_value": null, "status": "COMMITTED"}
{"txn_id": 4, "op_type": "COMMIT", "timestamp": "2026-03-26T09:28:56.631990", "key": null, "value": null, "old_value": null, "status": "COMMITTED"}
{"txn_id": 5, "op_type": "BEGIN", "timestamp": "2026-03-26T09:28:56.631990", "key": null, "value": null, "old_value": null, "status": "COMMITTED"}
{"txn_id": 5, "op_type": "INSERT", "timestamp": "2026-03-26T09:28:56.631990", "key": "5", "value": "{'id': 5}", "old_value": null, "status": "COMMITTED"}
{"txn_id": 5, "op_type": "COMMIT", "timestamp": "2026-03-26T09:28:56.631990", "key": null, "value": null, "old_value": null, "status": "COMMITTED"}
{"txn_id": 6, "op_type": "BEGIN", "timestamp": "2026-03-26T09:28:56.632989", "key": null, "value": null, "old_value": null, "status": "COMMITTED"}
{"txn_id": 6, "op_type": "INSERT", "timestamp": "2026-03-26T09:28:56.632989", "key": "6", "value": "{'id': 6}", "old_value": null, "status": "COMMITTED"}
{"txn_id": 6, "op_type": "COMMIT", "timestamp": "2026-03-26T09:28:56.632989", "key": null, "value": null, "old_value": null, "status": "COMMITTED"}
{"txn_id": 7, "op_type": "BEGIN", "timestamp": "2026-03-26T09:28:56.632989", "key": null, "value": null, "old_value": null, "status": "COMMITTED"}
{"txn_id": 7, "op_type": "INSERT", "timestamp": "2026-03-26T09:28:56.632989", "key": "7", "value": "{'id': 7}", "old_value": null, "status": "COMMITTED"}
{"txn_id": 7, "op_type": "COMMIT", "timestamp": "2026-03-26T09:28:56.632989", "key": null, "value": null, "old_value": null, "status": "COMMITTED"}
{"txn_id": 8, "op_type": "BEGIN", "timestamp": "2026-03-26T09:28:56.632989", "key": null, "value": null, "old_value": null, "status": "COMMITTED"}
{"txn_id": 8, "op_type": "INSERT", "timestamp": "2026-03-26T09:28:56.632989", "key": "8", "value": "{'id': 8}", "old_value": null, "status": "COMMITTED"}
{"txn_id": 8, "op_type": "COMMIT", "timestamp": "2026-03-26T09:28:56.632989", "key": null, "value": null, "old_value": null, "status": "COMMITTED"}
{"txn_id": 9, "op_type": "BEGIN", "timestamp": "2026-03-26T09:28:56.632989", "key": null, "value": null, "old_value": null, "status": "COMMITTED"}
{"txn_id": 9, "op_type": "INSERT", "timestamp": "2026-03-26T09:28:56.632989", "key": "9", "value": "{'id': 9}", "old_value": null, "status": "COMMITTED"}
{"txn_id": 9, "op_type": "COMMIT", "timestamp": "2026-03-26T09:28:56.632989", "key": null, "value": null, "old_value": null, "status": "COMMITTED"}
{"txn_id": 10, "op_type": "BEGIN", "timestamp": "2026-03-26T09:28:56.632989", "key": null, "value": null, "old_value": null, "status": "COMMITTED"}
{"txn_id": 10, "op_type": "INSERT", "timestamp": "2026-03-26T09:28:56.632989", "key": "10", "value": "{'id': 10}", "old_value": null, "status": "COMMITTED"}
{"txn_id": 10, "op_type": "COMMIT", "timestamp": "2026-03-26T09:28:56.632989", "key": null, "value": null, "old_value": null, "status": "COMMITTED"}
{"txn_id": 11, "op_type": "BEGIN", "timestamp": "2026-03-26T09:28:56.633989", "key": null, "value": null, "old_value": null, "status": "COMMITTED"}
{"txn_id": 11, "op_type": "INSERT", "timestamp": "2026-03-26T09:28:56.633989", "key": "11", "value": "{'id': 11}", "old_value": null, "status": "COMMITTED"}
{"txn_id": 11, "op_type": "COMMIT", "timestamp": "2026-03-26T09:28:56.633989", "key": null, "value": null, "old_value": null, "status": "COMMITTED"}
{"txn_id": 12, "op_type": "BEGIN", "timestamp": "2026-03-26T09:28:56.633989", "key": null, "value": null, "old_value": null, "status": "COMMITTED"}
{"txn_id": 12, "op_type": "INSERT", "timestamp": "2026-03-26T09:28:56.633989", "key": "12", "value": "{'id': 12}", "old_value": null, "status": "COMMITTED"}
{"txn_id": 12, "op_type": "COMMIT", "timestamp": "2026-03-26T09:28:56.633989", "key": null, "value": null, "old_value": null, "status": "COMMITTED"}
{"txn_id": 13, "op_type": "BEGIN", "timestamp": "2026-03-26T09:28:56.633989", "key": null, "value": null, "old_value": null, "status": "COMMITTED"}
{"txn_id": 13, "op_type": "INSERT", "timestamp": "2026-03-26T09:28:56.633989", "key": "13", "value": "{'id': 13}", "old_value": null, "status": "COMMITTED"}
{"txn_id": 13, "op_type": "COMMIT", "timestamp": "2026-03-26T09:28:56.633989", "key": null, "value": null, "old_value": null, "status": "COMMITTED"}
{"txn_id": 14, "op_type": "BEGIN", "timestamp": "2026-03-26T09:28:56.634507", "key": null, "value": null, "old_value": null, "status": "COMMITTED"}
{"txn_id": 14, "op_type": "INSERT", "timestamp": "2026-03-26T09:28:56.634507", "key": "14", "value": "{'id': 14}", "old_value": null, "status": "COMMITTED"}
{"txn_id": 14, "op_type": "COMMIT", "timestamp": "2026-03-26T09:28:56.634507", "key": null, "value": null, "old_value": null, "status": "COMMITTED"}
{"txn_id": 15, "op_type": "BEGIN", "timestamp": "2026-03-26T09:28:56.634507", "key": null, "value": null, "old_value": null, "status": "COMMITTED"}
{"txn_id": 15, "op_type": "INSERT", "timestamp": "2026-03-26T09:28:56.634507", "key": "15", "value": "{'id': 15}", "old_value": null, "status": "COMMITTED"}
{"txn_id": 15, "op_type": "COMMIT", "timestamp": "2026-03-26T09:28:56.634507", "key": null, "value": null, "old_value": null, "status": "COMMITTED"}
{"txn_id": 16, "op_type": "BEGIN", "timestamp": "2026-03-26T09:28:56.634507", "key": null, "value": null, "old_value": null, "status": "COMMITTED"}
{"txn_id": 16, "op_type": "INSERT", "timestamp": "2026-03-26T09:28:56.634507", "key": "16", "value": "{'id': 16}", "old_value": null, "status": "COMMITTED"}
{"txn_id": 16, "op_type": "COMMIT", "timestamp": "2026-03-26T09:28:56.634507", "key": null, "value": null, "old_value": null, "status": "COMMITTED"}
{"txn_id": 17, "op_type": "BEGIN", "timestamp": "2026-03-26T09:28:56.634507", "key": null, "value": null, "old_value": null, "status": "COMMITTED"}
{"txn_id": 17, "op_type": "INSERT", "timestamp": "2026-03-26T09:28:56.634507", "key": "17", "value": "{'id': 17}", "old_value": null, "status": "COMMITTED"}
{"txn_id": 17, "op_type": "COMMIT", "timestamp": "2026-03-26T09:28:56.634507", "key": null, "value": null, "old_value": null, "status": "COMMITTED"}
{"txn_id": 18, "op_type": "BEGIN", "timestamp": "2026-03-26T09:28:56.635511", "key": null, "value": null, "old_value": null, "status": "COMMITTED"}
{"txn_id": 18, "op_type": "INSERT", "timestamp": "2026-03-26T09:28:56.635511", "key": "18", "value": "{'id': 18}", "old_value": null, "status": "COMMITTED"}
{"txn_id": 18, "op_type": "COMMIT", "timestamp": "2026-03-26T09:28:56.635511", "key": null, "value": null, "old_value": null, "status": "COMMITTED"}
{"txn_id": 19, "op_type": "BEGIN", "timestamp": "2026-03-26T09:28:56.635511", "key": null, "value": null, "old_value": null, "status": "COMMITTED"}
{"txn_id": 19, "op_type": "INSERT", "timestamp": "2026-03-26T09:28:56.635511", "key": "19", "value": "{'id': 19}", "old_value": null, "status": "COMMITTED"}
{"txn_id": 19, "op_type": "COMMIT", "timestamp": "2026-03-26T09:28:56.635511", "key": null, "value": null, "old_value": null, "status": "COMMITTED"}
{"txn_id": 20, "op_type": "BEGIN", "timestamp": "2026-03-26T09:28:56.635511", "key": null, "value": null, "old_value": null, "status": "COMMITTED"}
{"txn_id": 20, "op_type": "INSERT", "timestamp": "2026-03-26T09:28:56.635511", "key": "20", "value": "{'id': 20}", "old_value": null, "status": "COMMITTED"}
{"txn_id": 20, "op_type": "COMMIT", "timestamp": "2026-03-26T09:28:56.635511", "key": null, "value": null, "old_value": null, "status": "COMMITTED"}
{"txn_id": 21, "op_type": "BEGIN", "timestamp": "2026-03-26T09:28:56.635511", "key": null, "value": null, "old_value": null, "status": "COMMITTED"}
{"txn_id": 21, "op_type": "DELETE", "timestamp": "2026-03-26T09:28:56.635511", "key": "1", "value": null, "old_value": "{'id': 1}", "status": "COMMITTED"}
{"txn_id": 21, "op_type": "COMMIT", "timestamp": "2026-03-26T09:28:56.635511", "key": null, "value": null, "old_value": null, "status": "COMMITTED"}
{"txn_id": 22, "op_type": "BEGIN", "timestamp": "2026-03-26T09:28:56.636511", "key": null, "value": null, "old_value": null, "status": "COMMITTED"}
{"txn_id": 22, "op_type": "DELETE", "timestamp": "2026-03-26T09:28:56.636511", "key": "2", "value": null, "old_value": "{'id': 2}", "status": "COMMITTED"}
{"txn_id": 22, "op_type": "COMMIT", "timestamp": "2026-03-26T09:28:56.636511", "key": null, "value": null, "old_value": null, "status": "COMMITTED"}
{"txn_id": 23, "op_type": "BEGIN", "timestamp": "2026-03-26T09:28:56.636511", "key": null, "value": null, "old_value": null, "status": "COMMITTED"}
{"txn_id": 23, "op_type": "DELETE", "timestamp": "2026-03-26T09:28:56.636511", "key": "3", "value": null, "old_value": "{'id': 3}", "status": "COMMITTED"}
{"txn_id": 23, "op_type": "COMMIT", "timestamp": "2026-03-26T09:28:56.636511", "key": null, "value": null, "old_value": null, "status": "COMMITTED"}
{"txn_id": 24, "op_type": "BEGIN", "timestamp": "2026-03-26T09:28:56.636511", "key": null, "value": null, "old_value": null, "status": "COMMITTED"}
{"txn_id": 24, "op_type": "DELETE", "timestamp": "2026-03-26T09:28:56.636511", "key": "4", "value": null, "old_value": "{'id': 4}", "status": "COMMITTED"}
{"txn_id": 24, "op_type": "COMMIT", "timestamp": "2026-03-26T09:28:56.636511", "key": null, "value": null, "old_value": null, "status": "COMMITTED"}
{"txn_id": 25, "op_type": "BEGIN", "timestamp": "2026-03-26T09:28:56.636511", "key": null, "value": null, "old_value": null, "status": "COMMITTED"}
{"txn_id": 25, "op_type": "DELETE", "timestamp": "2026-03-26T09:28:56.636511", "key": "5", "value": null, "old_value": "{'id': 5}", "status": "COMMITTED"}
{"txn_id": 25, "op_type": "COMMIT", "timestamp": "2026-03-26T09:28:56.636511", "key": null, "value": null, "old_value": null, "status": "COMMITTED"}
{"txn_id": 1, "op_type": "BEGIN", "timestamp": "2026-03-26T09:28:56.652021", "key": null, "value": null, "old_value": null, "status": "COMMITTED"}
{"txn_id": 1, "op_type": "INSERT", "timestamp": "2026-03-26T09:28:56.652021", "key": "1", "value": "{'id': 1}", "old_value": null, "status": "COMMITTED"}
{"txn_id": 1, "op_type": "COMMIT", "timestamp": "2026-03-26T09:28:56.652021", "key": null, "value": null, "old_value": null, "status": "COMMITTED"}
{"txn_id": 2, "op_type": "BEGIN", "timestamp": "2026-03-26T09:28:56.652021", "key": null, "value": null, "old_value": null, "status": "COMMITTED"}
{"txn_id": 2, "op_type": "INSERT", "timestamp": "2026-03-26T09:28:56.652021", "key": "2", "value": "{'id': 2}", "old_value": null, "status": "COMMITTED"}
{"txn_id": 2, "op_type": "COMMIT", "timestamp": "2026-03-26T09:28:56.652021", "key": null, "value": null, "old_value": null, "status": "COMMITTED"}
{"txn_id": 3, "op_type": "BEGIN", "timestamp": "2026-03-26T09:28:56.653021", "key": null, "value": null, "old_value": null, "status": "COMMITTED"}
{"txn_id": 3, "op_type": "INSERT", "timestamp": "2026-03-26T09:28:56.653021", "key": "3", "value": "{'id': 3}", "old_value": null, "status": "COMMITTED"}
{"txn_id": 3, "op_type": "COMMIT", "timestamp": "2026-03-26T09:28:56.653021", "key": null, "value": null, "old_value": null, "status": "COMMITTED"}
{"txn_id": 4, "op_type": "BEGIN", "timestamp": "2026-03-26T09:28:56.653021", "key": null, "value": null, "old_value": null, "status": "COMMITTED"}
{"txn_id": 4, "op_type": "INSERT", "timestamp": "2026-03-26T09:28:56.653021", "key": "4", "value": "{'id': 4}", "old_value": null, "status": "COMMITTED"}
{"txn_id": 4, "op_type": "COMMIT", "timestamp": "2026-03-26T09:28:56.653021", "key": null, "value": null, "old_value": null, "status": "COMMITTED"}
{"txn_id": 5, "op_type": "BEGIN", "timestamp": "2026-03-26T09:28:56.653021", "key": null, "value": null, "old_value": null, "status": "COMMITTED"}
{"txn_id": 5, "op_type": "INSERT", "timestamp": "2026-03-26T09:28:56.653021", "key": "5", "value": "{'id': 5}", "old_value": null, "status": "COMMITTED"}
{"txn_id": 5, "op_type": "COMMIT", "timestamp": "2026-03-26T09:28:56.653021", "key": null, "value": null, "old_value": null, "status": "COMMITTED"}
{"txn_id": 6, "op_type": "BEGIN", "timestamp": "2026-03-26T09:28:56.654023", "key": null, "value": null, "old_value": null, "status": "COMMITTED"}
{"txn_id": 6, "op_type": "INSERT", "timestamp": "2026-03-26T09:28:56.654023", "key": "6", "value": "{'id': 6}", "old_value": null, "status": "COMMITTED"}
{"txn_id": 6, "op_type": "COMMIT", "timestamp": "2026-03-26T09:28:56.654023", "key": null, "value": null, "old_value": null, "status": "COMMITTED"}
{"txn_id": 7, "op_type": "BEGIN", "timestamp": "2026-03-26T09:28:56.654023", "key": null, "value": null, "old_value": null, "status": "COMMITTED"}
{"txn_id": 7, "op_type": "INSERT", "timestamp": "2026-03-26T09:28:56.654023", "key": "7", "value": "{'id': 7}", "old_value": null, "status": "COMMITTED"}
{"txn_id": 7, "op_type": "COMMIT", "timestamp": "2026-03-26T09:28:56.654535", "key": null, "value": null, "old_value": null, "status": "COMMITTED"}
{"txn_id": 8, "op_type": "BEGIN", "timestamp": "2026-03-26T09:28:56.654535", "key": null, "value": null, "old_value": null, "status": "COMMITTED"}
{"txn_id": 8, "op_type": "INSERT", "timestamp": "2026-03-26T09:28:56.654535", "key": "8", "value": "{'id': 8}", "old_value": null, "status": "COMMITTED"}
{"txn_id": 8, "op_type": "COMMIT", "timestamp": "2026-03-26T09:28:56.654535", "key": null, "value": null, "old_value": null, "status": "COMMITTED"}
{"txn_id": 9, "op_type": "BEGIN", "timestamp": "2026-03-26T09:28:56.654535", "key": null, "value": null, "old_value": null, "status": "COMMITTED"}
{"txn_id": 9, "op_type": "INSERT", "timestamp": "2026-03-26T09:28:56.654535", "key": "9", "value": "{'id': 9}", "old_value": null, "status": "COMMITTED"}
{"txn_id": 9, "op_type": "COMMIT", "timestamp": "2026-03-26T09:28:56.654535", "key": null, "value": null, "old_value": null, "status": "COMMITTED"}
{"txn_id": 10, "op_type": "BEGIN", "timestamp": "2026-03-26T09:28:56.655543", "key": null, "value": null, "old_value": null, "status": "COMMITTED"}
{"txn_id": 10, "op_type": "INSERT", "timestamp": "2026-03-26T09:28:56.655543", "key": "10", "value": "{'id': 10}", "old_value": null, "status": "COMMITTED"}
{"txn_id": 10, "op_type": "COMMIT", "timestamp": "2026-03-26T09:28:56.655543", "key": null, "value": null, "old_value": null, "status": "COMMITTED"}
{"txn_id": 11, "op_type": "BEGIN", "timestamp": "2026-03-26T09:28:56.655543", "key": null, "value": null, "old_value": null, "status": "ABORTED"}
{"txn_id": 11, "op_type": "INSERT", "timestamp": "2026-03-26T09:28:56.655543", "key": "20", "value": "{'id': 20}", "old_value": null, "status": "ABORTED"}
{"txn_id": 11, "op_type": "DELETE", "timestamp": "2026-03-26T09:28:56.655543", "key": "5", "value": null, "old_value": "{'id': 5}", "status": "ABORTED"}
{"txn_id": 11, "op_type": "ABORT", "timestamp": "2026-03-26T09:28:56.655543", "key": null, "value": null, "old_value": null, "status": "COMMITTED"}
{"txn_id": 1, "op_type": "BEGIN", "timestamp": "2026-03-26T09:28:56.716486", "key": null, "value": null, "old_value": null, "status": "COMMITTED"}
{"txn_id": 1, "op_type": "INSERT", "timestamp": "2026-03-26T09:28:56.716486", "key": "1", "value": "{'id': 1}", "old_value": null, "status": "COMMITTED"}
{"txn_id": 1, "op_type": "COMMIT", "timestamp": "2026-03-26T09:28:56.716486", "key": null, "value": null, "old_value": null, "status": "COMMITTED"}
{"txn_id": 2, "op_type": "BEGIN", "timestamp": "2026-03-26T09:28:56.717486", "key": null, "value": null, "old_value": null, "status": "COMMITTED"}
{"txn_id": 2, "op_type": "INSERT", "timestamp": "2026-03-26T09:28:56.717486", "key": "3", "value": "{'id': 3}", "old_value": null, "status": "COMMITTED"}
{"txn_id": 2, "op_type": "COMMIT", "timestamp": "2026-03-26T09:28:56.717486", "key": null, "value": null, "old_value": null, "status": "COMMITTED"}
{"txn_id": 3, "op_type": "BEGIN", "timestamp": "2026-03-26T09:28:56.718995", "key": null, "value": null, "old_value": null, "status": "COMMITTED"}
{"txn_id": 3, "op_type": "INSERT", "timestamp": "2026-03-26T09:28:56.718995", "key": "5", "value": "{'id': 5}", "old_value": null, "status": "COMMITTED"}
{"txn_id": 3, "op_type": "COMMIT", "timestamp": "2026-03-26T09:28:56.718995", "key": null, "value": null, "old_value": null, "status": "COMMITTED"}
{"txn_id": 4, "op_type": "BEGIN", "timestamp": "2026-03-26T09:28:56.720007", "key": null, "value": null, "old_value": null, "status": "COMMITTED"}
{"txn_id": 4, "op_type": "INSERT", "timestamp": "2026-03-26T09:28:56.720007", "key": "7", "value": "{'id': 7}", "old_value": null, "status": "COMMITTED"}
{"txn_id": 4, "op_type": "COMMIT", "timestamp": "2026-03-26T09:28:56.720007", "key": null, "value": null, "old_value": null, "status": "COMMITTED"}
{"txn_id": 5, "op_type": "BEGIN", "timestamp": "2026-03-26T09:28:56.721006", "key": null, "value": null, "old_value": null, "status": "COMMITTED"}
{"txn_id": 5, "op_type": "INSERT", "timestamp": "2026-03-26T09:28:56.721006", "key": "9", "value": "{'id': 9}", "old_value": null, "status": "COMMITTED"}
{"txn_id": 5, "op_type": "COMMIT", "timestamp": "2026-03-26T09:28:56.721006", "key": null, "value": null, "old_value": null, "status": "COMMITTED"}
{"txn_id": 6, "op_type": "BEGIN", "timestamp": "2026-03-26T09:28:56.722009", "key": null, "value": null, "old_value": null, "status": "COMMITTED"}
{"txn_id": 6, "op_type": "INSERT", "timestamp": "2026-03-26T09:28:56.722009", "key": "11", "value": "{'id': 11}", "old_value": null, "status": "COMMITTED"}
{"txn_id": 6, "op_type": "COMMIT", "timestamp": "2026-03-26T09:28:56.722009", "key": null, "value": null, "old_value": null, "status": "COMMITTED"}
{"txn_id": 7, "op_type": "BEGIN", "timestamp": "2026-03-26T09:28:56.723004", "key": null, "value": null, "old_value": null, "status": "COMMITTED"}
{"txn_id": 7, "op_type": "INSERT", "timestamp": "2026-03-26T09:28:56.723004", "key": "13", "value": "{'id': 13}", "old_value": null, "status": "COMMITTED"}
{"txn_id": 7, "op_type": "COMMIT", "timestamp": "2026-03-26T09:28:56.723004", "key": null, "value": null, "old_value": null, "status": "COMMITTED"}
{"txn_id": 8, "op_type": "BEGIN", "timestamp": "2026-03-26T09:28:56.724002", "key": null, "value": null, "old_value": null, "status": "COMMITTED"}
{"txn_id": 8, "op_type": "INSERT", "timestamp": "2026-03-26T09:28:56.724002", "key": "15", "value": "{'id': 15}", "old_value": null, "status": "COMMITTED"}
{"txn_id": 8, "op_type": "COMMIT", "timestamp": "2026-03-26T09:28:56.724002", "key": null, "value": null, "old_value": null, "status": "COMMITTED"}
{"txn_id": 9, "op_type": "BEGIN", "timestamp": "2026-03-26T09:28:56.724002", "key": null, "value": null, "old_value": null, "status": "COMMITTED"}
{"txn_id": 9, "op_type": "INSERT", "timestamp": "2026-03-26T09:28:56.724002", "key": "17", "value": "{'id': 17}", "old_value": null, "status": "COMMITTED"}
{"txn_id": 9, "op_type": "COMMIT", "timestamp": "2026-03-26T09:28:56.724002", "key": null, "value": null, "old_value": null, "status": "COMMITTED"}
{"txn_id": 10, "op_type": "BEGIN", "timestamp": "2026-03-26T09:28:56.724002", "key": null, "value": null, "old_value": null, "status": "COMMITTED"}
{"txn_id": 10, "op_type": "INSERT", "timestamp": "2026-03-26T09:28:56.724002", "key": "19", "value": "{'id': 19}", "old_value": null, "status": "COMMITTED"}
{"txn_id": 10, "op_type": "COMMIT", "timestamp": "2026-03-26T09:28:56.724002", "key": null, "value": null, "old_value": null, "status": "COMMITTED"}
{"txn_id": 11, "op_type": "BEGIN", "timestamp": "2026-03-26T09:28:56.724002", "key": null, "value": null, "old_value": null, "status": "COMMITTED"}
{"txn_id": 11, "op_type": "INSERT", "timestamp": "2026-03-26T09:28:56.724002", "key": "21", "value": "{'id': 21}", "old_value": null, "status": "COMMITTED"}
{"txn_id": 11, "op_type": "COMMIT", "timestamp": "2026-03-26T09:28:56.724002", "key": null, "value": null, "old_value": null, "status": "COMMITTED"}
{"txn_id": 12, "op_type": "BEGIN", "timestamp": "2026-03-26T09:28:56.725052", "key": null, "value": null, "old_value": null, "status": "COMMITTED"}
{"txn_id": 12, "op_type": "INSERT", "timestamp": "2026-03-26T09:28:56.725052", "key": "23", "value": "{'id': 23}", "old_value": null, "status": "COMMITTED"}
{"txn_id": 12, "op_type": "COMMIT", "timestamp": "2026-03-26T09:28:56.725052", "key": null, "value": null, "old_value": null, "status": "COMMITTED"}
{"txn_id": 13, "op_type": "BEGIN", "timestamp": "2026-03-26T09:28:56.725626", "key": null, "value": null, "old_value": null, "status": "COMMITTED"}
{"txn_id": 13, "op_type": "INSERT", "timestamp": "2026-03-26T09:28:56.725626", "key": "25", "value": "{'id': 25}", "old_value": null, "status": "COMMITTED"}
{"txn_id": 13, "op_type": "COMMIT", "timestamp": "2026-03-26T09:28:56.725626", "key": null, "value": null, "old_value": null, "status": "COMMITTED"}
{"txn_id": 14, "op_type": "BEGIN", "timestamp": "2026-03-26T09:28:56.725626", "key": null, "value": null, "old_value": null, "status": "COMMITTED"}
{"txn_id": 14, "op_type": "INSERT", "timestamp": "2026-03-26T09:28:56.725626", "key": "27", "value": "{'id': 27}", "old_value": null, "status": "COMMITTED"}
{"txn_id": 14, "op_type": "COMMIT", "timestamp": "2026-03-26T09:28:56.725626", "key": null, "value": null, "old_value": null, "status": "COMMITTED"}
{"txn_id": 15, "op_type": "BEGIN", "timestamp": "2026-03-26T09:28:56.725626", "key": null, "value": null, "old_value": null, "status": "COMMITTED"}
{"txn_id": 15, "op_type": "INSERT", "timestamp": "2026-03-26T09:28:56.725626", "key": "29", "value": "{'id': 29}", "old_value": null, "status": "COMMITTED"}
{"txn_id": 15, "op_type": "COMMIT", "timestamp": "2026-03-26T09:28:56.725626", "key": null, "value": null, "old_value": null, "status": "COMMITTED"}
{"txn_id": 16, "op_type": "BEGIN", "timestamp": "2026-03-26T09:28:56.725626", "key": null, "value": null, "old_value": null, "status": "ABORTED"}
{"txn_id": 16, "op_type": "DELETE", "timestamp": "2026-03-26T09:28:56.725626", "key": "7", "value": null, "old_value": "{'id': 7}", "status": "ABORTED"}
{"txn_id": 16, "op_type": "DELETE", "timestamp": "2026-03-26T09:28:56.725626", "key": "11", "value": null, "old_value": "{'id': 11}", "status": "ABORTED"}
{"txn_id": 16, "op_type": "ABORT", "timestamp": "2026-03-26T09:28:56.725626", "key": null, "value": null, "old_value": null, "status": "COMMITTED"}
