2026-03-18T08:50:41.296964+00:00 actor=1 action=INSERT table=companies record=3 path=/companies status=success
2026-03-21T09:09:14.850833+00:00 actor=1 action=INSERT table=companies record=3 path=/companies status=success
2026-03-21T13:04:02.719621+00:00 actor=1000 action=INSERT table=companies record=16 path=/companies status=success
2026-03-21T13:04:02.743051+00:00 actor=1000 action=INSERT table=job_postings record=16 path=/jobs status=success
2026-03-21T13:04:02.779095+00:00 actor=1 action=INSERT table=applications record=36 path=/applications status=success
2026-03-21T13:04:02.803069+00:00 actor=1 action=UPDATE table=applications record=36 path=/applications/36 status=success
2026-03-21T13:04:02.819182+00:00 actor=1 action=DENY table=companies record=None path=/companies status=forbidden
2026-03-21T13:04:02.838399+00:00 actor=1000 action=DELETE table=applications record=36 path=/applications/36 status=success
2026-03-21T15:49:43.377663+00:00 actor=1000 action=INSERT table=companies record=16 path=/companies status=success
2026-03-21T15:49:43.418440+00:00 actor=1000 action=UPDATE table=companies record=16 path=/companies/16 status=success
2026-03-21T15:49:43.448672+00:00 actor=1000 action=INSERT table=job_postings record=16 path=/jobs status=success
2026-03-21T15:49:43.497137+00:00 actor=1000 action=UPDATE table=job_postings record=16 path=/jobs/16 status=success
2026-03-21T15:49:43.565347+00:00 actor=1 action=UPDATE table=students record=230001 path=/portfolio/230001 status=success
2026-03-21T15:49:43.591021+00:00 actor=1 action=DENY table=companies record=None path=/companies status=forbidden
2026-03-21T15:49:43.631842+00:00 actor=1 action=INSERT table=applications record=36 path=/applications status=success
2026-03-21T15:49:43.666801+00:00 actor=1 action=UPDATE table=applications record=36 path=/applications/36 status=success
2026-03-21T15:49:43.703726+00:00 actor=1000 action=DELETE table=applications record=36 path=/applications/36 status=success
2026-03-21T15:49:43.741392+00:00 actor=1000 action=DELETE table=job_postings record=16 path=/jobs/16 status=success
2026-03-21T15:49:43.773252+00:00 actor=1000 action=DELETE table=companies record=16 path=/companies/16 status=success
2026-03-21T15:56:36.215861+00:00 actor=1000 action=INSERT table=users/students record=230031 path=/members status=success
2026-03-21T16:05:13.286026+00:00 actor=1000 action=DELETE table=users/students record=230031 path=/members/230031 status=success
2026-03-21T16:10:19.504155+00:00 actor=1000 action=INSERT table=users/students record=230032 path=/members status=success
2026-03-21T20:58:50.740374+00:00 actor=31 action=DENY table=students record=230001 path=/portfolio/230001 status=forbidden
2026-03-21T20:59:07.758020+00:00 actor=31 action=DENY table=students record=230002 path=/portfolio/230002 status=forbidden
2026-03-21T20:59:08.904775+00:00 actor=31 action=DENY table=students record=230002 path=/portfolio/230002 status=forbidden
2026-03-21T20:59:28.466287+00:00 actor=1 action=DENY table=students record=230002 path=/portfolio/230002 status=forbidden
2026-03-21T20:59:33.866486+00:00 actor=1 action=DENY table=students record=230020 path=/portfolio/230020 status=forbidden
2026-03-21T21:00:16.491181+00:00 actor=41 action=DENY table=students record=230001 path=/portfolio/230001 status=forbidden
2026-03-21T21:01:35.495588+00:00 actor=56 action=DENY table=students record=230002 path=/portfolio/230002 status=forbidden
2026-03-21T21:02:00.386299+00:00 actor=56 action=DENY table=students record=230002 path=/portfolio/230002 status=forbidden
2026-03-21T21:02:03.900316+00:00 actor=56 action=DENY table=students record=230003 path=/portfolio/230003 status=forbidden
2026-03-21T21:02:07.923715+00:00 actor=56 action=DENY table=students record=230020 path=/portfolio/230020 status=forbidden
2026-03-21T21:05:58.212693+00:00 actor=41 action=DENY table=companies record=None path=/companies status=forbidden
2026-03-21T21:05:58.253191+00:00 actor=56 action=DENY table=audit_logs record=None path=/audit-logs status=forbidden
2026-03-21T21:09:05.140076+00:00 actor=41 action=INSERT table=job_postings record=16 path=/jobs status=success
2026-03-21T21:53:52.065017+00:00 actor=31 action=DENY table=students record=230001 path=/portfolio/230001 status=forbidden
2026-03-21T21:54:24.127861+00:00 actor=41 action=DENY table=students record=230001 path=/portfolio/230001 status=forbidden
2026-03-21T21:54:27.329910+00:00 actor=41 action=DENY table=students record=230001 path=/portfolio/230001 status=forbidden
2026-03-21T22:01:20.927386+00:00 actor=41 action=DENY table=students record=230001 path=/portfolio/230001 status=forbidden
2026-03-21T22:01:42.914980+00:00 actor=41 action=DENY table=students record=230001 path=/portfolio/230001 status=forbidden
2026-03-21T22:01:55.644548+00:00 actor=41 action=DENY table=students record=230001 path=/portfolio/230001 status=forbidden
2026-03-21T22:04:09.169769+00:00 actor=41 action=DENY table=students record=230001 path=/portfolio/230001 status=forbidden
2026-03-21T22:05:46.568970+00:00 actor=1 action=DENY table=students record=230002 path=/portfolio/230002 status=forbidden
2026-03-22T06:28:05.280173+00:00 actor=1000 action=INSERT table=users/students record=230033 path=/members status=success
2026-03-22T06:28:44.062842+00:00 actor=1000 action=DELETE table=users/students record=230032 path=/members/230032 status=success
2026-03-22T06:29:20.508388+00:00 actor=1000 action=INSERT table=companies record=16 path=/companies status=success
2026-03-22T06:30:37.209157+00:00 actor=1000 action=INSERT table=job_postings record=17 path=/jobs status=success
2026-03-22T06:31:01.327629+00:00 actor=1000 action=UPDATE table=job_postings record=17 path=/jobs/17 status=success
2026-03-22T06:31:10.772331+00:00 actor=1000 action=DELETE table=job_postings record=17 path=/jobs/17 status=success
2026-03-22T06:31:21.614423+00:00 actor=1000 action=DELETE table=companies record=16 path=/companies/16 status=success
2026-03-22T07:00:59.600362+00:00 actor=1 action=INSERT table=applications record=36 path=/applications status=success
2026-03-22T07:01:22.810936+00:00 actor=1 action=INSERT table=applications record=37 path=/applications status=success
2026-03-22T07:03:28.544135+00:00 actor=41 action=DENY table=job_postings record=None path=/jobs status=forbidden
2026-03-22T07:03:30.761078+00:00 actor=41 action=DENY table=job_postings record=None path=/jobs status=forbidden
2026-03-22T07:03:39.662856+00:00 actor=41 action=INSERT table=job_postings record=18 path=/jobs status=success
2026-03-22T07:09:54.497837+00:00 actor=56 action=DENY table=students record=230003 path=/portfolio/230003 status=forbidden
2026-03-22T07:10:40.919182+00:00 actor=1000 action=UPDATE table=students record=230001 path=/portfolio/230001 status=success
2026-03-22T08:08:23.971276+00:00 actor=1000 action=INSERT table=users/recruiters record=1001 path=/recruiters status=success
2026-03-22T08:08:25.126916+00:00 actor=1000 action=DELETE table=users/recruiters record=1001 path=/recruiters/1001 status=success
2026-03-22T08:08:32.894960+00:00 actor=41 action=UPDATE table=applications record=31 path=/applications/31 status=success
2026-03-22T08:08:35.108562+00:00 actor=56 action=DENY table=job_postings record=None path=/jobs status=forbidden
2026-03-22T08:20:45.351064+00:00 actor=1000 action=INSERT table=users/students record=230031 path=/members status=success
2026-03-22T09:42:47.064112+00:00 actor=1000 action=DELETE table=users/students record=230031 path=/members/230031 status=success
2026-03-22T09:45:27.397945+00:00 actor=1000 action=INSERT table=users/students record=230031 path=/members status=success
2026-03-22T09:46:12.344721+00:00 actor=1000 action=DELETE table=users/students record=230031 path=/members/230031 status=success
2026-03-22T09:49:40.143571+00:00 actor=41 action=INSERT table=job_postings record=16 path=/jobs status=success
2026-03-22T09:54:36.888715+00:00 actor=41 action=DENY table=job_postings record=None path=/jobs status=forbidden
2026-03-22T09:56:29.249747+00:00 actor=41 action=DENY table=job_postings record=None path=/jobs status=forbidden
